<?xml version="1.0" encoding="UTF-8" ?>
<testsuite tests="6" failures="2" name="exercise.cucumber.RunCukesTest" time="0.719" errors="0" skipped="1">
  <properties>
    <property name="java.runtime.name" value="Java(TM) SE Runtime Environment"/>
    <property name="sun.boot.library.path" value="/Library/Java/JavaVirtualMachines/jdk1.8.0_73.jdk/Contents/Home/jre/lib"/>
    <property name="java.vm.version" value="25.73-b02"/>
    <property name="gopherProxySet" value="false"/>
    <property name="java.vm.vendor" value="Oracle Corporation"/>
    <property name="java.vendor.url" value="http://java.oracle.com/"/>
    <property name="path.separator" value=":"/>
    <property name="java.vm.name" value="Java HotSpot(TM) 64-Bit Server VM"/>
    <property name="file.encoding.pkg" value="sun.io"/>
    <property name="user.country" value="GB"/>
    <property name="sun.java.launcher" value="SUN_STANDARD"/>
    <property name="sun.os.patch.level" value="unknown"/>
    <property name="java.vm.specification.name" value="Java Virtual Machine Specification"/>
    <property name="user.dir" value="/Users/mateusdasilva/Desktop/DeutscheBankExercise"/>
    <property name="java.runtime.version" value="1.8.0_73-b02"/>
    <property name="java.awt.graphicsenv" value="sun.awt.CGraphicsEnvironment"/>
    <property name="basedir" value="/Users/mateusdasilva/Desktop/DeutscheBankExercise"/>
    <property name="java.endorsed.dirs" value="/Library/Java/JavaVirtualMachines/jdk1.8.0_73.jdk/Contents/Home/jre/lib/endorsed"/>
    <property name="os.arch" value="x86_64"/>
    <property name="surefire.real.class.path" value="/var/folders/x3/lqj16v991nd4107lknhm76_80000gn/T/surefirebooter5455372632869322907.jar"/>
    <property name="java.io.tmpdir" value="/var/folders/x3/lqj16v991nd4107lknhm76_80000gn/T/"/>
    <property name="line.separator" value="
"/>
    <property name="java.vm.specification.vendor" value="Oracle Corporation"/>
    <property name="os.name" value="Mac OS X"/>
    <property name="sun.jnu.encoding" value="UTF-8"/>
    <property name="java.library.path" value="/Users/mateusdasilva/Library/Java/Extensions:/Library/Java/Extensions:/Network/Library/Java/Extensions:/System/Library/Java/Extensions:/usr/lib/java:."/>
    <property name="surefire.test.class.path" value="/Users/mateusdasilva/Desktop/DeutscheBankExercise/target/test-classes:/Users/mateusdasilva/Desktop/DeutscheBankExercise/target/classes:/Users/mateusdasilva/.m2/repository/info/cukes/cucumber-junit/1.2.5/cucumber-junit-1.2.5.jar:/Users/mateusdasilva/.m2/repository/info/cukes/cucumber-core/1.2.5/cucumber-core-1.2.5.jar:/Users/mateusdasilva/.m2/repository/info/cukes/cucumber-html/0.2.3/cucumber-html-0.2.3.jar:/Users/mateusdasilva/.m2/repository/info/cukes/cucumber-java/1.2.5/cucumber-java-1.2.5.jar:/Users/mateusdasilva/.m2/repository/info/cukes/cucumber-picocontainer/1.2.5/cucumber-picocontainer-1.2.5.jar:/Users/mateusdasilva/.m2/repository/info/cukes/cucumber-jvm-deps/1.0.5/cucumber-jvm-deps-1.0.5.jar:/Users/mateusdasilva/.m2/repository/org/picocontainer/picocontainer/2.15/picocontainer-2.15.jar:/Users/mateusdasilva/.m2/repository/info/cukes/gherkin/2.12.2/gherkin-2.12.2.jar:/Users/mateusdasilva/.m2/repository/junit/junit/4.11/junit-4.11.jar:/Users/mateusdasilva/.m2/repository/org/hamcrest/hamcrest-core/1.3/hamcrest-core-1.3.jar:/Users/mateusdasilva/.m2/repository/net/masterthought/maven-cucumber-reporting/2.8.0/maven-cucumber-reporting-2.8.0.jar:/Users/mateusdasilva/.m2/repository/org/apache/maven/maven-plugin-api/3.3.9/maven-plugin-api-3.3.9.jar:/Users/mateusdasilva/.m2/repository/org/apache/maven/maven-model/3.3.9/maven-model-3.3.9.jar:/Users/mateusdasilva/.m2/repository/org/apache/maven/maven-artifact/3.3.9/maven-artifact-3.3.9.jar:/Users/mateusdasilva/.m2/repository/org/eclipse/sisu/org.eclipse.sisu.plexus/0.3.2/org.eclipse.sisu.plexus-0.3.2.jar:/Users/mateusdasilva/.m2/repository/javax/enterprise/cdi-api/1.0/cdi-api-1.0.jar:/Users/mateusdasilva/.m2/repository/javax/annotation/jsr250-api/1.0/jsr250-api-1.0.jar:/Users/mateusdasilva/.m2/repository/javax/inject/javax.inject/1/javax.inject-1.jar:/Users/mateusdasilva/.m2/repository/org/eclipse/sisu/org.eclipse.sisu.inject/0.3.2/org.eclipse.sisu.inject-0.3.2.jar:/Users/mateusdasilva/.m2/repository/org/codehaus/plexus/plexus-component-annotations/1.5.5/plexus-component-annotations-1.5.5.jar:/Users/mateusdasilva/.m2/repository/org/codehaus/plexus/plexus-classworlds/2.5.2/plexus-classworlds-2.5.2.jar:/Users/mateusdasilva/.m2/repository/org/apache/maven/plugins/maven-gpg-plugin/1.6/maven-gpg-plugin-1.6.jar:/Users/mateusdasilva/.m2/repository/org/apache/maven/maven-project/2.2.1/maven-project-2.2.1.jar:/Users/mateusdasilva/.m2/repository/org/apache/maven/maven-settings/2.2.1/maven-settings-2.2.1.jar:/Users/mateusdasilva/.m2/repository/org/apache/maven/maven-profile/2.2.1/maven-profile-2.2.1.jar:/Users/mateusdasilva/.m2/repository/org/apache/maven/maven-artifact-manager/2.2.1/maven-artifact-manager-2.2.1.jar:/Users/mateusdasilva/.m2/repository/org/apache/maven/wagon/wagon-provider-api/1.0-beta-6/wagon-provider-api-1.0-beta-6.jar:/Users/mateusdasilva/.m2/repository/backport-util-concurrent/backport-util-concurrent/3.1/backport-util-concurrent-3.1.jar:/Users/mateusdasilva/.m2/repository/org/apache/maven/maven-plugin-registry/2.2.1/maven-plugin-registry-2.2.1.jar:/Users/mateusdasilva/.m2/repository/org/codehaus/plexus/plexus-interpolation/1.11/plexus-interpolation-1.11.jar:/Users/mateusdasilva/.m2/repository/org/codehaus/plexus/plexus-container-default/1.0-alpha-9-stable-1/plexus-container-default-1.0-alpha-9-stable-1.jar:/Users/mateusdasilva/.m2/repository/classworlds/classworlds/1.1-alpha-2/classworlds-1.1-alpha-2.jar:/Users/mateusdasilva/.m2/repository/org/apache/maven/maven-repository-metadata/2.2.1/maven-repository-metadata-2.2.1.jar:/Users/mateusdasilva/.m2/repository/org/codehaus/plexus/plexus-utils/3.0.20/plexus-utils-3.0.20.jar:/Users/mateusdasilva/.m2/repository/org/sonatype/plexus/plexus-sec-dispatcher/1.4/plexus-sec-dispatcher-1.4.jar:/Users/mateusdasilva/.m2/repository/org/sonatype/plexus/plexus-cipher/1.4/plexus-cipher-1.4.jar:/Users/mateusdasilva/.m2/repository/net/masterthought/cucumber-reporting/2.8.0/cucumber-reporting-2.8.0.jar:/Users/mateusdasilva/.m2/repository/org/apache/logging/log4j/log4j-api/2.6.2/log4j-api-2.6.2.jar:/Users/mateusdasilva/.m2/repository/org/apache/logging/log4j/log4j-core/2.6.2/log4j-core-2.6.2.jar:/Users/mateusdasilva/.m2/repository/com/fasterxml/jackson/core/jackson-databind/2.8.1/jackson-databind-2.8.1.jar:/Users/mateusdasilva/.m2/repository/com/fasterxml/jackson/core/jackson-annotations/2.8.0/jackson-annotations-2.8.0.jar:/Users/mateusdasilva/.m2/repository/com/fasterxml/jackson/core/jackson-core/2.8.1/jackson-core-2.8.1.jar:/Users/mateusdasilva/.m2/repository/org/apache/velocity/velocity/1.7/velocity-1.7.jar:/Users/mateusdasilva/.m2/repository/commons-collections/commons-collections/3.2.1/commons-collections-3.2.1.jar:/Users/mateusdasilva/.m2/repository/commons-lang/commons-lang/2.4/commons-lang-2.4.jar:/Users/mateusdasilva/.m2/repository/velocity-tools/velocity-tools/1.4/velocity-tools-1.4.jar:/Users/mateusdasilva/.m2/repository/joda-time/joda-time/2.9.4/joda-time-2.9.4.jar:/Users/mateusdasilva/.m2/repository/org/apache/commons/commons-lang3/3.4/commons-lang3-3.4.jar:/Users/mateusdasilva/.m2/repository/net/lingala/zip4j/zip4j/1.3.2/zip4j-1.3.2.jar:/Users/mateusdasilva/.m2/repository/org/jsoup/jsoup/1.9.2/jsoup-1.9.2.jar:/Users/mateusdasilva/.m2/repository/org/hamcrest/hamcrest-all/1.3/hamcrest-all-1.3.jar:/Users/mateusdasilva/.m2/repository/commons-io/commons-io/2.4/commons-io-2.4.jar:"/>
    <property name="java.specification.name" value="Java Platform API Specification"/>
    <property name="java.class.version" value="52.0"/>
    <property name="sun.management.compiler" value="HotSpot 64-Bit Tiered Compilers"/>
    <property name="os.version" value="10.12"/>
    <property name="http.nonProxyHosts" value="local|*.local|169.254/16|*.169.254/16"/>
    <property name="user.home" value="/Users/mateusdasilva"/>
    <property name="user.timezone" value="Europe/London"/>
    <property name="java.awt.printerjob" value="sun.lwawt.macosx.CPrinterJob"/>
    <property name="java.specification.version" value="1.8"/>
    <property name="file.encoding" value="UTF-8"/>
    <property name="user.name" value="mateusdasilva"/>
    <property name="java.class.path" value="/Users/mateusdasilva/Desktop/DeutscheBankExercise/target/test-classes:/Users/mateusdasilva/Desktop/DeutscheBankExercise/target/classes:/Users/mateusdasilva/.m2/repository/info/cukes/cucumber-junit/1.2.5/cucumber-junit-1.2.5.jar:/Users/mateusdasilva/.m2/repository/info/cukes/cucumber-core/1.2.5/cucumber-core-1.2.5.jar:/Users/mateusdasilva/.m2/repository/info/cukes/cucumber-html/0.2.3/cucumber-html-0.2.3.jar:/Users/mateusdasilva/.m2/repository/info/cukes/cucumber-java/1.2.5/cucumber-java-1.2.5.jar:/Users/mateusdasilva/.m2/repository/info/cukes/cucumber-picocontainer/1.2.5/cucumber-picocontainer-1.2.5.jar:/Users/mateusdasilva/.m2/repository/info/cukes/cucumber-jvm-deps/1.0.5/cucumber-jvm-deps-1.0.5.jar:/Users/mateusdasilva/.m2/repository/org/picocontainer/picocontainer/2.15/picocontainer-2.15.jar:/Users/mateusdasilva/.m2/repository/info/cukes/gherkin/2.12.2/gherkin-2.12.2.jar:/Users/mateusdasilva/.m2/repository/junit/junit/4.11/junit-4.11.jar:/Users/mateusdasilva/.m2/repository/org/hamcrest/hamcrest-core/1.3/hamcrest-core-1.3.jar:/Users/mateusdasilva/.m2/repository/net/masterthought/maven-cucumber-reporting/2.8.0/maven-cucumber-reporting-2.8.0.jar:/Users/mateusdasilva/.m2/repository/org/apache/maven/maven-plugin-api/3.3.9/maven-plugin-api-3.3.9.jar:/Users/mateusdasilva/.m2/repository/org/apache/maven/maven-model/3.3.9/maven-model-3.3.9.jar:/Users/mateusdasilva/.m2/repository/org/apache/maven/maven-artifact/3.3.9/maven-artifact-3.3.9.jar:/Users/mateusdasilva/.m2/repository/org/eclipse/sisu/org.eclipse.sisu.plexus/0.3.2/org.eclipse.sisu.plexus-0.3.2.jar:/Users/mateusdasilva/.m2/repository/javax/enterprise/cdi-api/1.0/cdi-api-1.0.jar:/Users/mateusdasilva/.m2/repository/javax/annotation/jsr250-api/1.0/jsr250-api-1.0.jar:/Users/mateusdasilva/.m2/repository/javax/inject/javax.inject/1/javax.inject-1.jar:/Users/mateusdasilva/.m2/repository/org/eclipse/sisu/org.eclipse.sisu.inject/0.3.2/org.eclipse.sisu.inject-0.3.2.jar:/Users/mateusdasilva/.m2/repository/org/codehaus/plexus/plexus-component-annotations/1.5.5/plexus-component-annotations-1.5.5.jar:/Users/mateusdasilva/.m2/repository/org/codehaus/plexus/plexus-classworlds/2.5.2/plexus-classworlds-2.5.2.jar:/Users/mateusdasilva/.m2/repository/org/apache/maven/plugins/maven-gpg-plugin/1.6/maven-gpg-plugin-1.6.jar:/Users/mateusdasilva/.m2/repository/org/apache/maven/maven-project/2.2.1/maven-project-2.2.1.jar:/Users/mateusdasilva/.m2/repository/org/apache/maven/maven-settings/2.2.1/maven-settings-2.2.1.jar:/Users/mateusdasilva/.m2/repository/org/apache/maven/maven-profile/2.2.1/maven-profile-2.2.1.jar:/Users/mateusdasilva/.m2/repository/org/apache/maven/maven-artifact-manager/2.2.1/maven-artifact-manager-2.2.1.jar:/Users/mateusdasilva/.m2/repository/org/apache/maven/wagon/wagon-provider-api/1.0-beta-6/wagon-provider-api-1.0-beta-6.jar:/Users/mateusdasilva/.m2/repository/backport-util-concurrent/backport-util-concurrent/3.1/backport-util-concurrent-3.1.jar:/Users/mateusdasilva/.m2/repository/org/apache/maven/maven-plugin-registry/2.2.1/maven-plugin-registry-2.2.1.jar:/Users/mateusdasilva/.m2/repository/org/codehaus/plexus/plexus-interpolation/1.11/plexus-interpolation-1.11.jar:/Users/mateusdasilva/.m2/repository/org/codehaus/plexus/plexus-container-default/1.0-alpha-9-stable-1/plexus-container-default-1.0-alpha-9-stable-1.jar:/Users/mateusdasilva/.m2/repository/classworlds/classworlds/1.1-alpha-2/classworlds-1.1-alpha-2.jar:/Users/mateusdasilva/.m2/repository/org/apache/maven/maven-repository-metadata/2.2.1/maven-repository-metadata-2.2.1.jar:/Users/mateusdasilva/.m2/repository/org/codehaus/plexus/plexus-utils/3.0.20/plexus-utils-3.0.20.jar:/Users/mateusdasilva/.m2/repository/org/sonatype/plexus/plexus-sec-dispatcher/1.4/plexus-sec-dispatcher-1.4.jar:/Users/mateusdasilva/.m2/repository/org/sonatype/plexus/plexus-cipher/1.4/plexus-cipher-1.4.jar:/Users/mateusdasilva/.m2/repository/net/masterthought/cucumber-reporting/2.8.0/cucumber-reporting-2.8.0.jar:/Users/mateusdasilva/.m2/repository/org/apache/logging/log4j/log4j-api/2.6.2/log4j-api-2.6.2.jar:/Users/mateusdasilva/.m2/repository/org/apache/logging/log4j/log4j-core/2.6.2/log4j-core-2.6.2.jar:/Users/mateusdasilva/.m2/repository/com/fasterxml/jackson/core/jackson-databind/2.8.1/jackson-databind-2.8.1.jar:/Users/mateusdasilva/.m2/repository/com/fasterxml/jackson/core/jackson-annotations/2.8.0/jackson-annotations-2.8.0.jar:/Users/mateusdasilva/.m2/repository/com/fasterxml/jackson/core/jackson-core/2.8.1/jackson-core-2.8.1.jar:/Users/mateusdasilva/.m2/repository/org/apache/velocity/velocity/1.7/velocity-1.7.jar:/Users/mateusdasilva/.m2/repository/commons-collections/commons-collections/3.2.1/commons-collections-3.2.1.jar:/Users/mateusdasilva/.m2/repository/commons-lang/commons-lang/2.4/commons-lang-2.4.jar:/Users/mateusdasilva/.m2/repository/velocity-tools/velocity-tools/1.4/velocity-tools-1.4.jar:/Users/mateusdasilva/.m2/repository/joda-time/joda-time/2.9.4/joda-time-2.9.4.jar:/Users/mateusdasilva/.m2/repository/org/apache/commons/commons-lang3/3.4/commons-lang3-3.4.jar:/Users/mateusdasilva/.m2/repository/net/lingala/zip4j/zip4j/1.3.2/zip4j-1.3.2.jar:/Users/mateusdasilva/.m2/repository/org/jsoup/jsoup/1.9.2/jsoup-1.9.2.jar:/Users/mateusdasilva/.m2/repository/org/hamcrest/hamcrest-all/1.3/hamcrest-all-1.3.jar:/Users/mateusdasilva/.m2/repository/commons-io/commons-io/2.4/commons-io-2.4.jar:"/>
    <property name="java.vm.specification.version" value="1.8"/>
    <property name="sun.arch.data.model" value="64"/>
    <property name="java.home" value="/Library/Java/JavaVirtualMachines/jdk1.8.0_73.jdk/Contents/Home/jre"/>
    <property name="sun.java.command" value="/var/folders/x3/lqj16v991nd4107lknhm76_80000gn/T/surefirebooter5455372632869322907.jar /var/folders/x3/lqj16v991nd4107lknhm76_80000gn/T/surefire1974456720859977823tmp /var/folders/x3/lqj16v991nd4107lknhm76_80000gn/T/surefire2858369428923624614tmp"/>
    <property name="java.specification.vendor" value="Oracle Corporation"/>
    <property name="user.language" value="en"/>
    <property name="awt.toolkit" value="sun.lwawt.macosx.LWCToolkit"/>
    <property name="java.vm.info" value="mixed mode"/>
    <property name="java.version" value="1.8.0_73"/>
    <property name="java.ext.dirs" value="/Users/mateusdasilva/Library/Java/Extensions:/Library/Java/JavaVirtualMachines/jdk1.8.0_73.jdk/Contents/Home/jre/lib/ext:/Library/Java/Extensions:/Network/Library/Java/Extensions:/System/Library/Java/Extensions:/usr/lib/java"/>
    <property name="sun.boot.class.path" value="/Library/Java/JavaVirtualMachines/jdk1.8.0_73.jdk/Contents/Home/jre/lib/resources.jar:/Library/Java/JavaVirtualMachines/jdk1.8.0_73.jdk/Contents/Home/jre/lib/rt.jar:/Library/Java/JavaVirtualMachines/jdk1.8.0_73.jdk/Contents/Home/jre/lib/sunrsasign.jar:/Library/Java/JavaVirtualMachines/jdk1.8.0_73.jdk/Contents/Home/jre/lib/jsse.jar:/Library/Java/JavaVirtualMachines/jdk1.8.0_73.jdk/Contents/Home/jre/lib/jce.jar:/Library/Java/JavaVirtualMachines/jdk1.8.0_73.jdk/Contents/Home/jre/lib/charsets.jar:/Library/Java/JavaVirtualMachines/jdk1.8.0_73.jdk/Contents/Home/jre/lib/jfr.jar:/Library/Java/JavaVirtualMachines/jdk1.8.0_73.jdk/Contents/Home/jre/classes"/>
    <property name="java.vendor" value="Oracle Corporation"/>
    <property name="localRepository" value="/Users/mateusdasilva/.m2/repository"/>
    <property name="file.separator" value="/"/>
    <property name="java.vendor.url.bug" value="http://bugreport.sun.com/bugreport/"/>
    <property name="sun.cpu.endian" value="little"/>
    <property name="sun.io.unicode.encoding" value="UnicodeBig"/>
    <property name="socksNonProxyHosts" value="local|*.local|169.254/16|*.169.254/16"/>
    <property name="ftp.nonProxyHosts" value="local|*.local|169.254/16|*.169.254/16"/>
    <property name="sun.cpu.isalist" value=""/>
  </properties>
  <testcase classname="Scenario: User uploads files correctly" name="Given the user uploads files" time="0.008"/>
  <testcase classname="Scenario: User uploads files correctly" name="Then the user can see the file &quot;output.xml&quot;" time="0"/>
  <testcase classname="Scenario: User uploads files correctly" name="Scenario: User uploads files correctly" time="0.001"/>
  <testcase classname="Scenario: User uploads a file with incorrect data" name="Given the user uploads an invalid file" time="0.001">
    <failure message="The value of &apos;invalid&apos; may have been entered in the incorrect format." type="java.lang.AssertionError">java.lang.AssertionError: The value of &apos;invalid&apos; may have been entered in the incorrect format.
	at org.hamcrest.MatcherAssert.assertThat(MatcherAssert.java:26)
	at exercise.pages.Transaction.validateAmount(Transaction.java:47)
	at exercise.pages.Transaction.&lt;init&gt;(Transaction.java:39)
	at exercise.pages.ETLPage.cvsParser(ETLPage.java:141)
	at exercise.pages.ETLPage.parseFile(ETLPage.java:82)
	at exercise.pages.ETLPage.upload(ETLPage.java:31)
	at exercise.stepdefinitions.ETLStepDef.the_user_is_uploads_an_invalid_file(ETLStepDef.java:21)
	at ✽.Given the user uploads an invalid file(etl_invalid_amount.feature:7)
</failure>
  </testcase>
  <testcase classname="Scenario: User uploads a file with incorrect data" name="Scenario: User uploads a file with incorrect data" time="0.002">
    <failure message="The value of &apos;invalid&apos; may have been entered in the incorrect format." type="java.lang.AssertionError">java.lang.AssertionError: The value of &apos;invalid&apos; may have been entered in the incorrect format.
	at org.hamcrest.MatcherAssert.assertThat(MatcherAssert.java:26)
	at exercise.pages.Transaction.validateAmount(Transaction.java:47)
	at exercise.pages.Transaction.&lt;init&gt;(Transaction.java:39)
	at exercise.pages.ETLPage.cvsParser(ETLPage.java:141)
	at exercise.pages.ETLPage.parseFile(ETLPage.java:82)
	at exercise.pages.ETLPage.upload(ETLPage.java:31)
	at exercise.stepdefinitions.ETLStepDef.the_user_is_uploads_an_invalid_file(ETLStepDef.java:21)
	at ✽.Given the user uploads an invalid file(etl_invalid_amount.feature:7)
</failure>
  </testcase>
  <testcase classname="Scenario: User uploads a file with incorrect data" name="Then no output &quot;output.xml&quot; file is produced" time="0.003">
    <skipped/>
  </testcase>
</testsuite>